{
  "RSpec": {
    "coverage": {
      "/Users/thoughtworker/.two_man/lib/two_man.rb": [
        null,
        1,
        1,
        null,
        null,
        null,
        1,
        1,
        1,
        null,
        null,
        1,
        1,
        1,
        1,
        1,
        1,
        null,
        null,
        2
      ],
      "/Users/thoughtworker/.two_man/lib/two_man/version.rb": [
        1,
        1,
        null
      ],
      "/Users/thoughtworker/.two_man/lib/two_man/command.rb": [
        1,
        1,
        null,
        1,
        2,
        null,
        2,
        1,
        null,
        1,
        1,
        0,
        null,
        null,
        null,
        1,
        0,
        null,
        0,
        0,
        0,
        0,
        0,
        null,
        0,
        null,
        null,
        null,
        1,
        0,
        null,
        0,
        0,
        0,
        null,
        0,
        0,
        0,
        null,
        0,
        null,
        0,
        null,
        null,
        null,
        null,
        1,
        0,
        0,
        null,
        null,
        0,
        null,
        0,
        0,
        null,
        null,
        0,
        null,
        null,
        1,
        1,
        null,
        null,
        1,
        1,
        null,
        null,
        1,
        0,
        0,
        0,
        0,
        null,
        null,
        null,
        1,
        0,
        0,
        0,
        0,
        null,
        null,
        null,
        1,
        1,
        5,
        null,
        5,
        null,
        5,
        3,
        3,
        null,
        2,
        2,
        null,
        null,
        null,
        null,
        null,
        null,
        5,
        null,
        null,
        null,
        null
      ],
      "/Users/thoughtworker/.two_man/lib/two_man/launcher.rb": [
        1,
        1,
        1,
        1,
        null,
        1,
        null,
        1,
        0,
        null,
        0,
        0,
        0,
        null,
        0,
        0,
        0,
        null,
        null,
        null,
        0,
        0,
        0,
        null,
        0,
        null,
        null,
        null,
        1,
        0,
        null,
        null,
        1,
        0,
        null,
        null,
        1,
        0,
        0,
        0,
        null,
        null,
        1,
        0,
        0,
        0,
        0,
        0,
        0,
        0,
        null,
        null,
        null,
        1,
        0,
        0,
        null,
        null,
        1,
        0,
        null,
        null,
        1,
        0,
        null,
        null,
        1,
        0,
        null,
        null,
        null,
        null
      ],
      "/Users/thoughtworker/.two_man/lib/two_man/indicator.rb": [
        1,
        1,
        1,
        null,
        1,
        0,
        null,
        null,
        null,
        null,
        null,
        0,
        null,
        null,
        1,
        0,
        null,
        null,
        1,
        0,
        null,
        null,
        null,
        null
      ],
      "/Users/thoughtworker/.two_man/lib/two_man/key.rb": [
        1,
        1,
        1,
        1,
        null,
        1,
        0,
        0,
        0,
        0,
        null,
        0,
        0,
        null,
        null,
        null,
        null,
        1,
        0,
        null,
        null,
        1,
        0,
        null,
        null,
        1,
        0,
        null,
        null,
        null,
        null
      ],
      "/Users/thoughtworker/.two_man/lib/two_man/switch.rb": [
        1,
        1,
        1,
        1,
        null,
        1,
        0,
        0,
        null,
        null,
        null,
        1,
        0,
        null,
        null,
        1,
        0,
        null,
        null,
        1,
        0,
        null,
        null,
        null,
        null
      ],
      "/Users/thoughtworker/.two_man/lib/launch_code/console.rb": [
        1,
        1,
        null,
        1,
        0,
        0,
        null,
        null,
        null,
        null
      ],
      "/Users/thoughtworker/.two_man/spec/two_man/indicator_spec.rb": [
        1
      ],
      "/Users/thoughtworker/.two_man/spec/two_man/key_spec.rb": [
        1
      ],
      "/Users/thoughtworker/.two_man/spec/two_man/launcher_spec.rb": [
        1
      ],
      "/Users/thoughtworker/.two_man/spec/two_man/switch_spec.rb": [
        1
      ]
    },
    "timestamp": 1390959494
  }
}
